<?xml version="1.0" encoding="UTF-8"?>
<!-- Generated by org.testng.reporters.JUnitReportReporter -->
<testsuite hostname="begade-Latitude-E7450" failures="0" tests="1" name="com.example.AppTest" time="0.001" errors="0" timestamp="2024-01-25T13:15:02 WAT" skipped="0">
  <testcase classname="com.example.AppTest" name="shouldAnswerWithTrue" time="0.001"/>
</testsuite> <!-- com.example.AppTest -->
