<?xml version="1.0" encoding="UTF-8"?>
<!-- Generated by org.testng.reporters.JUnitReportReporter -->
<testsuite hostname="begade-Latitude-E7450" failures="9" tests="89" name="com.example.TestCases" time="23.323" errors="0" timestamp="2024-01-25T19:53:55 WAT" skipped="0">
  <testcase classname="com.example.TestCases" name="test_a_tres_proche_zero_negatif_b_tres_proche_zero_negatif_c_negatif_tres_grand" time="0.277"/>
  <system-out/>
  <testcase classname="com.example.TestCases" name="test_a_negatif_tres_grand_b_tres_proche_zero_positif_c_null" time="0.189"/>
  <system-out/>
  <testcase classname="com.example.TestCases" name="test_a_proche_zero_positif_b_normal_positif_c_proche_zero_negatif" time="0.296"/>
  <system-out/>
  <testcase classname="com.example.TestCases" name="test_a_proche_zero_positif_b_proche_zero_negatif_c_positif_tres_grand" time="0.319"/>
  <system-out/>
  <testcase classname="com.example.TestCases" name="test_a_negatif_tres_grand_b_tres_proche_zero_negatif_c_proche_zero_negatif" time="0.330"/>
  <system-out/>
  <testcase classname="com.example.TestCases" name="test_a_tres_proche_zero_positif_b_normal_positif_c_tres_proche_zero_negatif" time="0.247"/>
  <system-out/>
  <testcase classname="com.example.TestCases" name="test_a_normal_negatif_b_proche_zero_positif_c_normal_positif" time="0.339"/>
  <system-out/>
  <testcase classname="com.example.TestCases" name="test_a_null_b_positif_tres_grand_c_proche_zero_negatif" time="0.257">
    <failure message="arrays first differed at element [0]; expected:&lt;2.4466366339456265E-9&gt; but was:&lt;4.087243631218447E8&gt;" type="org.junit.internal.ArrayComparisonFailure">
      <![CDATA[arrays first differed at element [0]; expected:<2.4466366339456265E-9> but was:<4.087243631218447E8>
at org.junit.internal.ComparisonCriteria.arrayEquals(ComparisonCriteria.java:50)
at org.junit.Assert.assertArrayEquals(Assert.java:419)
at org.junit.Assert.assertArrayEquals(Assert.java:430)
at com.example.TestCases.test_a_null_b_positif_tres_grand_c_proche_zero_negatif(TestCases.java:240)
at java.base/jdk.internal.reflect.NativeMethodAccessorImpl.invoke0(Native Method)
at java.base/jdk.internal.reflect.NativeMethodAccessorImpl.invoke(NativeMethodAccessorImpl.java:77)
at java.base/jdk.internal.reflect.DelegatingMethodAccessorImpl.invoke(DelegatingMethodAccessorImpl.java:43)
at java.base/java.lang.reflect.Method.invoke(Method.java:568)
at org.junit.runners.model.FrameworkMethod$1.runReflectiveCall(FrameworkMethod.java:47)
at org.junit.internal.runners.model.ReflectiveCallable.run(ReflectiveCallable.java:12)
at org.junit.runners.model.FrameworkMethod.invokeExplosively(FrameworkMethod.java:44)
at org.junit.internal.runners.statements.InvokeMethod.evaluate(InvokeMethod.java:17)
at org.junit.runners.ParentRunner.runLeaf(ParentRunner.java:271)
at org.junit.runners.BlockJUnit4ClassRunner.runChild(BlockJUnit4ClassRunner.java:70)
at org.junit.runners.BlockJUnit4ClassRunner.runChild(BlockJUnit4ClassRunner.java:50)
at org.junit.runners.ParentRunner$3.run(ParentRunner.java:238)
at org.junit.runners.ParentRunner$1.schedule(ParentRunner.java:63)
at org.junit.runners.ParentRunner.runChildren(ParentRunner.java:236)
at org.junit.runners.ParentRunner.access$000(ParentRunner.java:53)
at org.junit.runners.ParentRunner$2.evaluate(ParentRunner.java:229)
at org.junit.runners.ParentRunner.run(ParentRunner.java:309)
at org.junit.runner.JUnitCore.run(JUnitCore.java:160)
at org.junit.runner.JUnitCore.run(JUnitCore.java:138)
at org.testng.junit.JUnit4TestRunner.start(JUnit4TestRunner.java:76)
at org.testng.junit.JUnit4TestRunner.run(JUnit4TestRunner.java:61)
at org.testng.TestRunner$1.run(TestRunner.java:691)
at java.base/java.util.ArrayList.forEach(ArrayList.java:1511)
at org.testng.TestRunner.runJUnitWorkers(TestRunner.java:908)
at org.testng.TestRunner.privateRunJUnit(TestRunner.java:720)
at org.testng.TestRunner.run(TestRunner.java:600)
at org.testng.SuiteRunner.runTest(SuiteRunner.java:437)
at org.testng.SuiteRunner.runSequentially(SuiteRunner.java:431)
at org.testng.SuiteRunner.privateRun(SuiteRunner.java:391)
at org.testng.SuiteRunner.run(SuiteRunner.java:330)
at org.testng.SuiteRunnerWorker.runSuite(SuiteRunnerWorker.java:52)
at org.testng.SuiteRunnerWorker.run(SuiteRunnerWorker.java:95)
at org.testng.TestNG.runSuitesSequentially(TestNG.java:1256)
at org.testng.TestNG.runSuitesLocally(TestNG.java:1176)
at org.testng.TestNG.runSuites(TestNG.java:1099)
at org.testng.TestNG.run(TestNG.java:1067)
at org.apache.maven.surefire.testng.TestNGExecutor.run(TestNGExecutor.java:135)
at org.apache.maven.surefire.testng.TestNGDirectoryTestSuite.executeMulti(TestNGDirectoryTestSuite.java:198)
at org.apache.maven.surefire.testng.TestNGDirectoryTestSuite.execute(TestNGDirectoryTestSuite.java:94)
at org.apache.maven.surefire.testng.TestNGProvider.invoke(TestNGProvider.java:146)
at org.apache.maven.surefire.booter.ForkedBooter.invokeProviderInSameClassLoader(ForkedBooter.java:384)
at org.apache.maven.surefire.booter.ForkedBooter.runSuitesInProcess(ForkedBooter.java:345)
at org.apache.maven.surefire.booter.ForkedBooter.execute(ForkedBooter.java:126)
at org.apache.maven.surefire.booter.ForkedBooter.main(ForkedBooter.java:418)
]]>
    </failure>
  </testcase> <!-- test_a_null_b_positif_tres_grand_c_proche_zero_negatif -->
  <system-out/>
  <testcase classname="com.example.TestCases" name="test_a_normal_positif_b_proche_zero_positif_c_tres_proche_zero_positif" time="0.232"/>
  <system-out/>
  <testcase classname="com.example.TestCases" name="test_a_negatif_tres_grand_b_null_c_tres_proche_zero_negatif" time="0.243"/>
  <system-out/>
  <testcase classname="com.example.TestCases" name="test_a_proche_zero_negatif_b_tres_proche_zero_negatif_c_normal_negatif" time="0.237"/>
  <system-out/>
  <testcase classname="com.example.TestCases" name="test_a_tres_proche_zero_negatif_b_positif_tres_grand_c_null" time="0.285"/>
  <system-out/>
  <testcase classname="com.example.TestCases" name="test_a_null_b_negatif_tres_grand_c_tres_proche_zero_positif" time="0.308">
    <failure message="arrays first differed at element [0]; expected:&lt;1.6806347941034085E-15&gt; but was:&lt;5.950132673133689E14&gt;" type="org.junit.internal.ArrayComparisonFailure">
      <![CDATA[arrays first differed at element [0]; expected:<1.6806347941034085E-15> but was:<5.950132673133689E14>
at org.junit.internal.ComparisonCriteria.arrayEquals(ComparisonCriteria.java:50)
at org.junit.Assert.assertArrayEquals(Assert.java:419)
at org.junit.Assert.assertArrayEquals(Assert.java:430)
at com.example.TestCases.test_a_null_b_negatif_tres_grand_c_tres_proche_zero_positif(TestCases.java:248)
at java.base/jdk.internal.reflect.NativeMethodAccessorImpl.invoke0(Native Method)
at java.base/jdk.internal.reflect.NativeMethodAccessorImpl.invoke(NativeMethodAccessorImpl.java:77)
at java.base/jdk.internal.reflect.DelegatingMethodAccessorImpl.invoke(DelegatingMethodAccessorImpl.java:43)
at java.base/java.lang.reflect.Method.invoke(Method.java:568)
at org.junit.runners.model.FrameworkMethod$1.runReflectiveCall(FrameworkMethod.java:47)
at org.junit.internal.runners.model.ReflectiveCallable.run(ReflectiveCallable.java:12)
at org.junit.runners.model.FrameworkMethod.invokeExplosively(FrameworkMethod.java:44)
at org.junit.internal.runners.statements.InvokeMethod.evaluate(InvokeMethod.java:17)
at org.junit.runners.ParentRunner.runLeaf(ParentRunner.java:271)
at org.junit.runners.BlockJUnit4ClassRunner.runChild(BlockJUnit4ClassRunner.java:70)
at org.junit.runners.BlockJUnit4ClassRunner.runChild(BlockJUnit4ClassRunner.java:50)
at org.junit.runners.ParentRunner$3.run(ParentRunner.java:238)
at org.junit.runners.ParentRunner$1.schedule(ParentRunner.java:63)
at org.junit.runners.ParentRunner.runChildren(ParentRunner.java:236)
at org.junit.runners.ParentRunner.access$000(ParentRunner.java:53)
at org.junit.runners.ParentRunner$2.evaluate(ParentRunner.java:229)
at org.junit.runners.ParentRunner.run(ParentRunner.java:309)
at org.junit.runner.JUnitCore.run(JUnitCore.java:160)
at org.junit.runner.JUnitCore.run(JUnitCore.java:138)
at org.testng.junit.JUnit4TestRunner.start(JUnit4TestRunner.java:76)
at org.testng.junit.JUnit4TestRunner.run(JUnit4TestRunner.java:61)
at org.testng.TestRunner$1.run(TestRunner.java:691)
at java.base/java.util.ArrayList.forEach(ArrayList.java:1511)
at org.testng.TestRunner.runJUnitWorkers(TestRunner.java:908)
at org.testng.TestRunner.privateRunJUnit(TestRunner.java:720)
at org.testng.TestRunner.run(TestRunner.java:600)
at org.testng.SuiteRunner.runTest(SuiteRunner.java:437)
at org.testng.SuiteRunner.runSequentially(SuiteRunner.java:431)
at org.testng.SuiteRunner.privateRun(SuiteRunner.java:391)
at org.testng.SuiteRunner.run(SuiteRunner.java:330)
at org.testng.SuiteRunnerWorker.runSuite(SuiteRunnerWorker.java:52)
at org.testng.SuiteRunnerWorker.run(SuiteRunnerWorker.java:95)
at org.testng.TestNG.runSuitesSequentially(TestNG.java:1256)
at org.testng.TestNG.runSuitesLocally(TestNG.java:1176)
at org.testng.TestNG.runSuites(TestNG.java:1099)
at org.testng.TestNG.run(TestNG.java:1067)
at org.apache.maven.surefire.testng.TestNGExecutor.run(TestNGExecutor.java:135)
at org.apache.maven.surefire.testng.TestNGDirectoryTestSuite.executeMulti(TestNGDirectoryTestSuite.java:198)
at org.apache.maven.surefire.testng.TestNGDirectoryTestSuite.execute(TestNGDirectoryTestSuite.java:94)
at org.apache.maven.surefire.testng.TestNGProvider.invoke(TestNGProvider.java:146)
at org.apache.maven.surefire.booter.ForkedBooter.invokeProviderInSameClassLoader(ForkedBooter.java:384)
at org.apache.maven.surefire.booter.ForkedBooter.runSuitesInProcess(ForkedBooter.java:345)
at org.apache.maven.surefire.booter.ForkedBooter.execute(ForkedBooter.java:126)
at org.apache.maven.surefire.booter.ForkedBooter.main(ForkedBooter.java:418)
]]>
    </failure>
  </testcase> <!-- test_a_null_b_negatif_tres_grand_c_tres_proche_zero_positif -->
  <system-out/>
  <testcase classname="com.example.TestCases" name="test_a_proche_zero_positif_b_tres_proche_zero_negatif_c_proche_zero_negatif" time="0.344"/>
  <system-out/>
  <testcase classname="com.example.TestCases" name="test_a_tres_proche_zero_positif_b_negatif_tres_grand_c_proche_zero_negatif" time="0.315"/>
  <system-out/>
  <testcase classname="com.example.TestCases" name="test_a_normal_negatif_b_proche_zero_negatif_c_negatif_tres_grand" time="0.278"/>
  <system-out/>
  <testcase classname="com.example.TestCases" name="test_a_normal_positif_b_negatif_tres_grand_c_positif_tres_grand" time="0.281"/>
  <system-out/>
  <testcase classname="com.example.TestCases" name="test_a_proche_zero_negatif_b_tres_proche_zero_positif_c_positif_tres_grand" time="0.334"/>
  <system-out/>
  <testcase classname="com.example.TestCases" name="test_a_tres_proche_zero_negatif_b_normal_negatif_c_normal_negatif" time="0.335"/>
  <system-out/>
  <testcase classname="com.example.TestCases" name="test_a_proche_zero_negatif_b_normal_negatif_c_negatif_tres_grand" time="0.222"/>
  <system-out/>
  <testcase classname="com.example.TestCases" name="test_a_normal_positif_b_null_c_normal_positif" time="0.304"/>
  <system-out/>
  <testcase classname="com.example.TestCases" name="test_a_normal_negatif_b_tres_proche_zero_negatif_c_proche_zero_positif" time="0.322"/>
  <system-out/>
  <testcase classname="com.example.TestCases" name="test_a_normal_positif_b_tres_proche_zero_positif_c_negatif_tres_grand" time="0.185"/>
  <system-out/>
  <testcase classname="com.example.TestCases" name="test_a_normal_positif_b_positif_tres_grand_c_normal_positif" time="0.187"/>
  <system-out/>
  <testcase classname="com.example.TestCases" name="test_a_proche_zero_negatif_b_proche_zero_negatif_c_normal_positif" time="0.187"/>
  <system-out/>
  <testcase classname="com.example.TestCases" name="test_a_normal_negatif_b_positif_tres_grand_c_positif_tres_grand" time="0.340"/>
  <system-out/>
  <testcase classname="com.example.TestCases" name="test_a_negatif_tres_grand_b_proche_zero_negatif_c_tres_proche_zero_positif" time="0.181"/>
  <system-out/>
  <testcase classname="com.example.TestCases" name="test_a_tres_proche_zero_negatif_b_null_c_proche_zero_negatif" time="0.130"/>
  <system-out/>
  <testcase classname="com.example.TestCases" name="test_a_proche_zero_positif_b_tres_proche_zero_positif_c_tres_proche_zero_negatif" time="0.239"/>
  <system-out/>
  <testcase classname="com.example.TestCases" name="test_a_null_b_proche_zero_positif_c_null" time="0.311">
    <failure message="arrays first differed at element [0]; expected:&lt;-0.0&gt; but was:&lt;-Infinity&gt;" type="org.junit.internal.ArrayComparisonFailure">
      <![CDATA[arrays first differed at element [0]; expected:<-0.0> but was:<-Infinity>
at org.junit.internal.ComparisonCriteria.arrayEquals(ComparisonCriteria.java:50)
at org.junit.Assert.assertArrayEquals(Assert.java:419)
at org.junit.Assert.assertArrayEquals(Assert.java:430)
at com.example.TestCases.test_a_null_b_proche_zero_positif_c_null(TestCases.java:56)
at java.base/jdk.internal.reflect.NativeMethodAccessorImpl.invoke0(Native Method)
at java.base/jdk.internal.reflect.NativeMethodAccessorImpl.invoke(NativeMethodAccessorImpl.java:77)
at java.base/jdk.internal.reflect.DelegatingMethodAccessorImpl.invoke(DelegatingMethodAccessorImpl.java:43)
at java.base/java.lang.reflect.Method.invoke(Method.java:568)
at org.junit.runners.model.FrameworkMethod$1.runReflectiveCall(FrameworkMethod.java:47)
at org.junit.internal.runners.model.ReflectiveCallable.run(ReflectiveCallable.java:12)
at org.junit.runners.model.FrameworkMethod.invokeExplosively(FrameworkMethod.java:44)
at org.junit.internal.runners.statements.InvokeMethod.evaluate(InvokeMethod.java:17)
at org.junit.runners.ParentRunner.runLeaf(ParentRunner.java:271)
at org.junit.runners.BlockJUnit4ClassRunner.runChild(BlockJUnit4ClassRunner.java:70)
at org.junit.runners.BlockJUnit4ClassRunner.runChild(BlockJUnit4ClassRunner.java:50)
at org.junit.runners.ParentRunner$3.run(ParentRunner.java:238)
at org.junit.runners.ParentRunner$1.schedule(ParentRunner.java:63)
at org.junit.runners.ParentRunner.runChildren(ParentRunner.java:236)
at org.junit.runners.ParentRunner.access$000(ParentRunner.java:53)
at org.junit.runners.ParentRunner$2.evaluate(ParentRunner.java:229)
at org.junit.runners.ParentRunner.run(ParentRunner.java:309)
at org.junit.runner.JUnitCore.run(JUnitCore.java:160)
at org.junit.runner.JUnitCore.run(JUnitCore.java:138)
at org.testng.junit.JUnit4TestRunner.start(JUnit4TestRunner.java:76)
at org.testng.junit.JUnit4TestRunner.run(JUnit4TestRunner.java:61)
at org.testng.TestRunner$1.run(TestRunner.java:691)
at java.base/java.util.ArrayList.forEach(ArrayList.java:1511)
at org.testng.TestRunner.runJUnitWorkers(TestRunner.java:908)
at org.testng.TestRunner.privateRunJUnit(TestRunner.java:720)
at org.testng.TestRunner.run(TestRunner.java:600)
at org.testng.SuiteRunner.runTest(SuiteRunner.java:437)
at org.testng.SuiteRunner.runSequentially(SuiteRunner.java:431)
at org.testng.SuiteRunner.privateRun(SuiteRunner.java:391)
at org.testng.SuiteRunner.run(SuiteRunner.java:330)
at org.testng.SuiteRunnerWorker.runSuite(SuiteRunnerWorker.java:52)
at org.testng.SuiteRunnerWorker.run(SuiteRunnerWorker.java:95)
at org.testng.TestNG.runSuitesSequentially(TestNG.java:1256)
at org.testng.TestNG.runSuitesLocally(TestNG.java:1176)
at org.testng.TestNG.runSuites(TestNG.java:1099)
at org.testng.TestNG.run(TestNG.java:1067)
at org.apache.maven.surefire.testng.TestNGExecutor.run(TestNGExecutor.java:135)
at org.apache.maven.surefire.testng.TestNGDirectoryTestSuite.executeMulti(TestNGDirectoryTestSuite.java:198)
at org.apache.maven.surefire.testng.TestNGDirectoryTestSuite.execute(TestNGDirectoryTestSuite.java:94)
at org.apache.maven.surefire.testng.TestNGProvider.invoke(TestNGProvider.java:146)
at org.apache.maven.surefire.booter.ForkedBooter.invokeProviderInSameClassLoader(ForkedBooter.java:384)
at org.apache.maven.surefire.booter.ForkedBooter.runSuitesInProcess(ForkedBooter.java:345)
at org.apache.maven.surefire.booter.ForkedBooter.execute(ForkedBooter.java:126)
at org.apache.maven.surefire.booter.ForkedBooter.main(ForkedBooter.java:418)
]]>
    </failure>
  </testcase> <!-- test_a_null_b_proche_zero_positif_c_null -->
  <system-out/>
  <testcase classname="com.example.TestCases" name="test_a_positif_tres_grand_b_tres_proche_zero_positif_c_negatif_tres_grand" time="0.283"/>
  <system-out/>
  <testcase classname="com.example.TestCases" name="test_a_positif_tres_grand_b_proche_zero_positif_c_proche_zero_positif" time="0.336"/>
  <system-out/>
  <testcase classname="com.example.TestCases" name="test_a_normal_positif_b_proche_zero_negatif_c_proche_zero_negatif" time="0.209"/>
  <system-out/>
  <testcase classname="com.example.TestCases" name="test_a_null_b_proche_zero_negatif_c_tres_proche_zero_negatif" time="0.213">
    <failure message="arrays first differed at element [0]; expected:&lt;-3.2342246428459196E-7&gt; but was:&lt;-3091931.174947889&gt;" type="org.junit.internal.ArrayComparisonFailure">
      <![CDATA[arrays first differed at element [0]; expected:<-3.2342246428459196E-7> but was:<-3091931.174947889>
at org.junit.internal.ComparisonCriteria.arrayEquals(ComparisonCriteria.java:50)
at org.junit.Assert.assertArrayEquals(Assert.java:419)
at org.junit.Assert.assertArrayEquals(Assert.java:430)
at com.example.TestCases.test_a_null_b_proche_zero_negatif_c_tres_proche_zero_negatif(TestCases.java:216)
at java.base/jdk.internal.reflect.NativeMethodAccessorImpl.invoke0(Native Method)
at java.base/jdk.internal.reflect.NativeMethodAccessorImpl.invoke(NativeMethodAccessorImpl.java:77)
at java.base/jdk.internal.reflect.DelegatingMethodAccessorImpl.invoke(DelegatingMethodAccessorImpl.java:43)
at java.base/java.lang.reflect.Method.invoke(Method.java:568)
at org.junit.runners.model.FrameworkMethod$1.runReflectiveCall(FrameworkMethod.java:47)
at org.junit.internal.runners.model.ReflectiveCallable.run(ReflectiveCallable.java:12)
at org.junit.runners.model.FrameworkMethod.invokeExplosively(FrameworkMethod.java:44)
at org.junit.internal.runners.statements.InvokeMethod.evaluate(InvokeMethod.java:17)
at org.junit.runners.ParentRunner.runLeaf(ParentRunner.java:271)
at org.junit.runners.BlockJUnit4ClassRunner.runChild(BlockJUnit4ClassRunner.java:70)
at org.junit.runners.BlockJUnit4ClassRunner.runChild(BlockJUnit4ClassRunner.java:50)
at org.junit.runners.ParentRunner$3.run(ParentRunner.java:238)
at org.junit.runners.ParentRunner$1.schedule(ParentRunner.java:63)
at org.junit.runners.ParentRunner.runChildren(ParentRunner.java:236)
at org.junit.runners.ParentRunner.access$000(ParentRunner.java:53)
at org.junit.runners.ParentRunner$2.evaluate(ParentRunner.java:229)
at org.junit.runners.ParentRunner.run(ParentRunner.java:309)
at org.junit.runner.JUnitCore.run(JUnitCore.java:160)
at org.junit.runner.JUnitCore.run(JUnitCore.java:138)
at org.testng.junit.JUnit4TestRunner.start(JUnit4TestRunner.java:76)
at org.testng.junit.JUnit4TestRunner.run(JUnit4TestRunner.java:61)
at org.testng.TestRunner$1.run(TestRunner.java:691)
at java.base/java.util.ArrayList.forEach(ArrayList.java:1511)
at org.testng.TestRunner.runJUnitWorkers(TestRunner.java:908)
at org.testng.TestRunner.privateRunJUnit(TestRunner.java:720)
at org.testng.TestRunner.run(TestRunner.java:600)
at org.testng.SuiteRunner.runTest(SuiteRunner.java:437)
at org.testng.SuiteRunner.runSequentially(SuiteRunner.java:431)
at org.testng.SuiteRunner.privateRun(SuiteRunner.java:391)
at org.testng.SuiteRunner.run(SuiteRunner.java:330)
at org.testng.SuiteRunnerWorker.runSuite(SuiteRunnerWorker.java:52)
at org.testng.SuiteRunnerWorker.run(SuiteRunnerWorker.java:95)
at org.testng.TestNG.runSuitesSequentially(TestNG.java:1256)
at org.testng.TestNG.runSuitesLocally(TestNG.java:1176)
at org.testng.TestNG.runSuites(TestNG.java:1099)
at org.testng.TestNG.run(TestNG.java:1067)
at org.apache.maven.surefire.testng.TestNGExecutor.run(TestNGExecutor.java:135)
at org.apache.maven.surefire.testng.TestNGDirectoryTestSuite.executeMulti(TestNGDirectoryTestSuite.java:198)
at org.apache.maven.surefire.testng.TestNGDirectoryTestSuite.execute(TestNGDirectoryTestSuite.java:94)
at org.apache.maven.surefire.testng.TestNGProvider.invoke(TestNGProvider.java:146)
at org.apache.maven.surefire.booter.ForkedBooter.invokeProviderInSameClassLoader(ForkedBooter.java:384)
at org.apache.maven.surefire.booter.ForkedBooter.runSuitesInProcess(ForkedBooter.java:345)
at org.apache.maven.surefire.booter.ForkedBooter.execute(ForkedBooter.java:126)
at org.apache.maven.surefire.booter.ForkedBooter.main(ForkedBooter.java:418)
]]>
    </failure>
  </testcase> <!-- test_a_null_b_proche_zero_negatif_c_tres_proche_zero_negatif -->
  <system-out/>
  <testcase classname="com.example.TestCases" name="test_a_proche_zero_negatif_b_normal_positif_c_normal_positif" time="0.316"/>
  <system-out/>
  <testcase classname="com.example.TestCases" name="test_a_tres_proche_zero_positif_b_tres_proche_zero_positif_c_normal_positif" time="0.308"/>
  <system-out/>
  <testcase classname="com.example.TestCases" name="test_a_proche_zero_negatif_b_positif_tres_grand_c_tres_proche_zero_negatif" time="0.245"/>
  <system-out/>
  <testcase classname="com.example.TestCases" name="test_a_positif_tres_grand_b_null_c_positif_tres_grand" time="0.255"/>
  <system-out/>
  <testcase classname="com.example.TestCases" name="test_a_negatif_tres_grand_b_positif_tres_grand_c_negatif_tres_grand" time="0.320"/>
  <system-out/>
  <testcase classname="com.example.TestCases" name="test_a_null_b_normal_positif_c_proche_zero_positif" time="0.228">
    <failure message="arrays first differed at element [0]; expected:&lt;-0.004638477876619339&gt; but was:&lt;-215.58796368105777&gt;" type="org.junit.internal.ArrayComparisonFailure">
      <![CDATA[arrays first differed at element [0]; expected:<-0.004638477876619339> but was:<-215.58796368105777>
at org.junit.internal.ComparisonCriteria.arrayEquals(ComparisonCriteria.java:50)
at org.junit.Assert.assertArrayEquals(Assert.java:419)
at org.junit.Assert.assertArrayEquals(Assert.java:430)
at com.example.TestCases.test_a_null_b_normal_positif_c_proche_zero_positif(TestCases.java:224)
at java.base/jdk.internal.reflect.NativeMethodAccessorImpl.invoke0(Native Method)
at java.base/jdk.internal.reflect.NativeMethodAccessorImpl.invoke(NativeMethodAccessorImpl.java:77)
at java.base/jdk.internal.reflect.DelegatingMethodAccessorImpl.invoke(DelegatingMethodAccessorImpl.java:43)
at java.base/java.lang.reflect.Method.invoke(Method.java:568)
at org.junit.runners.model.FrameworkMethod$1.runReflectiveCall(FrameworkMethod.java:47)
at org.junit.internal.runners.model.ReflectiveCallable.run(ReflectiveCallable.java:12)
at org.junit.runners.model.FrameworkMethod.invokeExplosively(FrameworkMethod.java:44)
at org.junit.internal.runners.statements.InvokeMethod.evaluate(InvokeMethod.java:17)
at org.junit.runners.ParentRunner.runLeaf(ParentRunner.java:271)
at org.junit.runners.BlockJUnit4ClassRunner.runChild(BlockJUnit4ClassRunner.java:70)
at org.junit.runners.BlockJUnit4ClassRunner.runChild(BlockJUnit4ClassRunner.java:50)
at org.junit.runners.ParentRunner$3.run(ParentRunner.java:238)
at org.junit.runners.ParentRunner$1.schedule(ParentRunner.java:63)
at org.junit.runners.ParentRunner.runChildren(ParentRunner.java:236)
at org.junit.runners.ParentRunner.access$000(ParentRunner.java:53)
at org.junit.runners.ParentRunner$2.evaluate(ParentRunner.java:229)
at org.junit.runners.ParentRunner.run(ParentRunner.java:309)
at org.junit.runner.JUnitCore.run(JUnitCore.java:160)
at org.junit.runner.JUnitCore.run(JUnitCore.java:138)
at org.testng.junit.JUnit4TestRunner.start(JUnit4TestRunner.java:76)
at org.testng.junit.JUnit4TestRunner.run(JUnit4TestRunner.java:61)
at org.testng.TestRunner$1.run(TestRunner.java:691)
at java.base/java.util.ArrayList.forEach(ArrayList.java:1511)
at org.testng.TestRunner.runJUnitWorkers(TestRunner.java:908)
at org.testng.TestRunner.privateRunJUnit(TestRunner.java:720)
at org.testng.TestRunner.run(TestRunner.java:600)
at org.testng.SuiteRunner.runTest(SuiteRunner.java:437)
at org.testng.SuiteRunner.runSequentially(SuiteRunner.java:431)
at org.testng.SuiteRunner.privateRun(SuiteRunner.java:391)
at org.testng.SuiteRunner.run(SuiteRunner.java:330)
at org.testng.SuiteRunnerWorker.runSuite(SuiteRunnerWorker.java:52)
at org.testng.SuiteRunnerWorker.run(SuiteRunnerWorker.java:95)
at org.testng.TestNG.runSuitesSequentially(TestNG.java:1256)
at org.testng.TestNG.runSuitesLocally(TestNG.java:1176)
at org.testng.TestNG.runSuites(TestNG.java:1099)
at org.testng.TestNG.run(TestNG.java:1067)
at org.apache.maven.surefire.testng.TestNGExecutor.run(TestNGExecutor.java:135)
at org.apache.maven.surefire.testng.TestNGDirectoryTestSuite.executeMulti(TestNGDirectoryTestSuite.java:198)
at org.apache.maven.surefire.testng.TestNGDirectoryTestSuite.execute(TestNGDirectoryTestSuite.java:94)
at org.apache.maven.surefire.testng.TestNGProvider.invoke(TestNGProvider.java:146)
at org.apache.maven.surefire.booter.ForkedBooter.invokeProviderInSameClassLoader(ForkedBooter.java:384)
at org.apache.maven.surefire.booter.ForkedBooter.runSuitesInProcess(ForkedBooter.java:345)
at org.apache.maven.surefire.booter.ForkedBooter.execute(ForkedBooter.java:126)
at org.apache.maven.surefire.booter.ForkedBooter.main(ForkedBooter.java:418)
]]>
    </failure>
  </testcase> <!-- test_a_null_b_normal_positif_c_proche_zero_positif -->
  <system-out/>
  <testcase classname="com.example.TestCases" name="test_a_proche_zero_positif_b_positif_tres_grand_c_normal_positif" time="0.273"/>
  <system-out/>
  <testcase classname="com.example.TestCases" name="test_a_tres_proche_zero_negatif_b_normal_positif_c_normal_positif" time="0.341"/>
  <system-out/>
  <testcase classname="com.example.TestCases" name="test_a_null_b_null_c_negatif_tres_grand" time="0.286">
    <failure message="arrays first differed at element [0]; expected:&lt;Infinity&gt; but was:&lt;0.0&gt;" type="org.junit.internal.ArrayComparisonFailure">
      <![CDATA[arrays first differed at element [0]; expected:<Infinity> but was:<0.0>
at org.junit.internal.ComparisonCriteria.arrayEquals(ComparisonCriteria.java:50)
at org.junit.Assert.assertArrayEquals(Assert.java:419)
at org.junit.Assert.assertArrayEquals(Assert.java:430)
at com.example.TestCases.test_a_null_b_null_c_negatif_tres_grand(TestCases.java:128)
at java.base/jdk.internal.reflect.NativeMethodAccessorImpl.invoke0(Native Method)
at java.base/jdk.internal.reflect.NativeMethodAccessorImpl.invoke(NativeMethodAccessorImpl.java:77)
at java.base/jdk.internal.reflect.DelegatingMethodAccessorImpl.invoke(DelegatingMethodAccessorImpl.java:43)
at java.base/java.lang.reflect.Method.invoke(Method.java:568)
at org.junit.runners.model.FrameworkMethod$1.runReflectiveCall(FrameworkMethod.java:47)
at org.junit.internal.runners.model.ReflectiveCallable.run(ReflectiveCallable.java:12)
at org.junit.runners.model.FrameworkMethod.invokeExplosively(FrameworkMethod.java:44)
at org.junit.internal.runners.statements.InvokeMethod.evaluate(InvokeMethod.java:17)
at org.junit.runners.ParentRunner.runLeaf(ParentRunner.java:271)
at org.junit.runners.BlockJUnit4ClassRunner.runChild(BlockJUnit4ClassRunner.java:70)
at org.junit.runners.BlockJUnit4ClassRunner.runChild(BlockJUnit4ClassRunner.java:50)
at org.junit.runners.ParentRunner$3.run(ParentRunner.java:238)
at org.junit.runners.ParentRunner$1.schedule(ParentRunner.java:63)
at org.junit.runners.ParentRunner.runChildren(ParentRunner.java:236)
at org.junit.runners.ParentRunner.access$000(ParentRunner.java:53)
at org.junit.runners.ParentRunner$2.evaluate(ParentRunner.java:229)
at org.junit.runners.ParentRunner.run(ParentRunner.java:309)
at org.junit.runner.JUnitCore.run(JUnitCore.java:160)
at org.junit.runner.JUnitCore.run(JUnitCore.java:138)
at org.testng.junit.JUnit4TestRunner.start(JUnit4TestRunner.java:76)
at org.testng.junit.JUnit4TestRunner.run(JUnit4TestRunner.java:61)
at org.testng.TestRunner$1.run(TestRunner.java:691)
at java.base/java.util.ArrayList.forEach(ArrayList.java:1511)
at org.testng.TestRunner.runJUnitWorkers(TestRunner.java:908)
at org.testng.TestRunner.privateRunJUnit(TestRunner.java:720)
at org.testng.TestRunner.run(TestRunner.java:600)
at org.testng.SuiteRunner.runTest(SuiteRunner.java:437)
at org.testng.SuiteRunner.runSequentially(SuiteRunner.java:431)
at org.testng.SuiteRunner.privateRun(SuiteRunner.java:391)
at org.testng.SuiteRunner.run(SuiteRunner.java:330)
at org.testng.SuiteRunnerWorker.runSuite(SuiteRunnerWorker.java:52)
at org.testng.SuiteRunnerWorker.run(SuiteRunnerWorker.java:95)
at org.testng.TestNG.runSuitesSequentially(TestNG.java:1256)
at org.testng.TestNG.runSuitesLocally(TestNG.java:1176)
at org.testng.TestNG.runSuites(TestNG.java:1099)
at org.testng.TestNG.run(TestNG.java:1067)
at org.apache.maven.surefire.testng.TestNGExecutor.run(TestNGExecutor.java:135)
at org.apache.maven.surefire.testng.TestNGDirectoryTestSuite.executeMulti(TestNGDirectoryTestSuite.java:198)
at org.apache.maven.surefire.testng.TestNGDirectoryTestSuite.execute(TestNGDirectoryTestSuite.java:94)
at org.apache.maven.surefire.testng.TestNGProvider.invoke(TestNGProvider.java:146)
at org.apache.maven.surefire.booter.ForkedBooter.invokeProviderInSameClassLoader(ForkedBooter.java:384)
at org.apache.maven.surefire.booter.ForkedBooter.runSuitesInProcess(ForkedBooter.java:345)
at org.apache.maven.surefire.booter.ForkedBooter.execute(ForkedBooter.java:126)
at org.apache.maven.surefire.booter.ForkedBooter.main(ForkedBooter.java:418)
]]>
    </failure>
  </testcase> <!-- test_a_null_b_null_c_negatif_tres_grand -->
  <system-out/>
  <testcase classname="com.example.TestCases" name="test_a_positif_tres_grand_b_tres_proche_zero_negatif_c_proche_zero_negatif" time="0.235"/>
  <system-out/>
  <testcase classname="com.example.TestCases" name="test_a_proche_zero_positif_b_normal_negatif_c_proche_zero_positif" time="0.301"/>
  <system-out/>
  <testcase classname="com.example.TestCases" name="test_a_positif_tres_grand_b_normal_positif_c_negatif_tres_grand" time="0.183"/>
  <system-out/>
  <testcase classname="com.example.TestCases" name="test_a_positif_tres_grand_b_tres_proche_zero_negatif_c_null" time="0.240"/>
  <system-out/>
  <testcase classname="com.example.TestCases" name="test_a_tres_proche_zero_negatif_b_tres_proche_zero_positif_c_tres_proche_zero_positif" time="0.138"/>
  <system-out/>
  <testcase classname="com.example.TestCases" name="test_a_positif_tres_grand_b_normal_negatif_c_normal_positif" time="0.237"/>
  <system-out/>
  <testcase classname="com.example.TestCases" name="test_a_null_b_tres_proche_zero_positif_c_normal_negatif" time="0.194">
    <failure message="arrays first differed at element [0]; expected:&lt;5.002003811009967E8&gt; but was:&lt;1.9991987966880167E-9&gt;" type="org.junit.internal.ArrayComparisonFailure">
      <![CDATA[arrays first differed at element [0]; expected:<5.002003811009967E8> but was:<1.9991987966880167E-9>
at org.junit.internal.ComparisonCriteria.arrayEquals(ComparisonCriteria.java:50)
at org.junit.Assert.assertArrayEquals(Assert.java:419)
at org.junit.Assert.assertArrayEquals(Assert.java:430)
at com.example.TestCases.test_a_null_b_tres_proche_zero_positif_c_normal_negatif(TestCases.java:256)
at java.base/jdk.internal.reflect.NativeMethodAccessorImpl.invoke0(Native Method)
at java.base/jdk.internal.reflect.NativeMethodAccessorImpl.invoke(NativeMethodAccessorImpl.java:77)
at java.base/jdk.internal.reflect.DelegatingMethodAccessorImpl.invoke(DelegatingMethodAccessorImpl.java:43)
at java.base/java.lang.reflect.Method.invoke(Method.java:568)
at org.junit.runners.model.FrameworkMethod$1.runReflectiveCall(FrameworkMethod.java:47)
at org.junit.internal.runners.model.ReflectiveCallable.run(ReflectiveCallable.java:12)
at org.junit.runners.model.FrameworkMethod.invokeExplosively(FrameworkMethod.java:44)
at org.junit.internal.runners.statements.InvokeMethod.evaluate(InvokeMethod.java:17)
at org.junit.runners.ParentRunner.runLeaf(ParentRunner.java:271)
at org.junit.runners.BlockJUnit4ClassRunner.runChild(BlockJUnit4ClassRunner.java:70)
at org.junit.runners.BlockJUnit4ClassRunner.runChild(BlockJUnit4ClassRunner.java:50)
at org.junit.runners.ParentRunner$3.run(ParentRunner.java:238)
at org.junit.runners.ParentRunner$1.schedule(ParentRunner.java:63)
at org.junit.runners.ParentRunner.runChildren(ParentRunner.java:236)
at org.junit.runners.ParentRunner.access$000(ParentRunner.java:53)
at org.junit.runners.ParentRunner$2.evaluate(ParentRunner.java:229)
at org.junit.runners.ParentRunner.run(ParentRunner.java:309)
at org.junit.runner.JUnitCore.run(JUnitCore.java:160)
at org.junit.runner.JUnitCore.run(JUnitCore.java:138)
at org.testng.junit.JUnit4TestRunner.start(JUnit4TestRunner.java:76)
at org.testng.junit.JUnit4TestRunner.run(JUnit4TestRunner.java:61)
at org.testng.TestRunner$1.run(TestRunner.java:691)
at java.base/java.util.ArrayList.forEach(ArrayList.java:1511)
at org.testng.TestRunner.runJUnitWorkers(TestRunner.java:908)
at org.testng.TestRunner.privateRunJUnit(TestRunner.java:720)
at org.testng.TestRunner.run(TestRunner.java:600)
at org.testng.SuiteRunner.runTest(SuiteRunner.java:437)
at org.testng.SuiteRunner.runSequentially(SuiteRunner.java:431)
at org.testng.SuiteRunner.privateRun(SuiteRunner.java:391)
at org.testng.SuiteRunner.run(SuiteRunner.java:330)
at org.testng.SuiteRunnerWorker.runSuite(SuiteRunnerWorker.java:52)
at org.testng.SuiteRunnerWorker.run(SuiteRunnerWorker.java:95)
at org.testng.TestNG.runSuitesSequentially(TestNG.java:1256)
at org.testng.TestNG.runSuitesLocally(TestNG.java:1176)
at org.testng.TestNG.runSuites(TestNG.java:1099)
at org.testng.TestNG.run(TestNG.java:1067)
at org.apache.maven.surefire.testng.TestNGExecutor.run(TestNGExecutor.java:135)
at org.apache.maven.surefire.testng.TestNGDirectoryTestSuite.executeMulti(TestNGDirectoryTestSuite.java:198)
at org.apache.maven.surefire.testng.TestNGDirectoryTestSuite.execute(TestNGDirectoryTestSuite.java:94)
at org.apache.maven.surefire.testng.TestNGProvider.invoke(TestNGProvider.java:146)
at org.apache.maven.surefire.booter.ForkedBooter.invokeProviderInSameClassLoader(ForkedBooter.java:384)
at org.apache.maven.surefire.booter.ForkedBooter.runSuitesInProcess(ForkedBooter.java:345)
at org.apache.maven.surefire.booter.ForkedBooter.execute(ForkedBooter.java:126)
at org.apache.maven.surefire.booter.ForkedBooter.main(ForkedBooter.java:418)
]]>
    </failure>
  </testcase> <!-- test_a_null_b_tres_proche_zero_positif_c_normal_negatif -->
  <system-out/>
  <testcase classname="com.example.TestCases" name="test_a_proche_zero_positif_b_negatif_tres_grand_c_negatif_tres_grand" time="0.226"/>
  <system-out/>
  <testcase classname="com.example.TestCases" name="test_a_tres_proche_zero_negatif_b_normal_negatif_c_proche_zero_negatif" time="0.251"/>
  <system-out/>
  <testcase classname="com.example.TestCases" name="test_a_null_b_tres_proche_zero_negatif_c_normal_positif" time="0.145">
    <failure message="arrays first differed at element [0]; expected:&lt;2.2310431465357116E8&gt; but was:&lt;4.482208251116821E-9&gt;" type="org.junit.internal.ArrayComparisonFailure">
      <![CDATA[arrays first differed at element [0]; expected:<2.2310431465357116E8> but was:<4.482208251116821E-9>
at org.junit.internal.ComparisonCriteria.arrayEquals(ComparisonCriteria.java:50)
at org.junit.Assert.assertArrayEquals(Assert.java:419)
at org.junit.Assert.assertArrayEquals(Assert.java:430)
at com.example.TestCases.test_a_null_b_tres_proche_zero_negatif_c_normal_positif(TestCases.java:200)
at java.base/jdk.internal.reflect.NativeMethodAccessorImpl.invoke0(Native Method)
at java.base/jdk.internal.reflect.NativeMethodAccessorImpl.invoke(NativeMethodAccessorImpl.java:77)
at java.base/jdk.internal.reflect.DelegatingMethodAccessorImpl.invoke(DelegatingMethodAccessorImpl.java:43)
at java.base/java.lang.reflect.Method.invoke(Method.java:568)
at org.junit.runners.model.FrameworkMethod$1.runReflectiveCall(FrameworkMethod.java:47)
at org.junit.internal.runners.model.ReflectiveCallable.run(ReflectiveCallable.java:12)
at org.junit.runners.model.FrameworkMethod.invokeExplosively(FrameworkMethod.java:44)
at org.junit.internal.runners.statements.InvokeMethod.evaluate(InvokeMethod.java:17)
at org.junit.runners.ParentRunner.runLeaf(ParentRunner.java:271)
at org.junit.runners.BlockJUnit4ClassRunner.runChild(BlockJUnit4ClassRunner.java:70)
at org.junit.runners.BlockJUnit4ClassRunner.runChild(BlockJUnit4ClassRunner.java:50)
at org.junit.runners.ParentRunner$3.run(ParentRunner.java:238)
at org.junit.runners.ParentRunner$1.schedule(ParentRunner.java:63)
at org.junit.runners.ParentRunner.runChildren(ParentRunner.java:236)
at org.junit.runners.ParentRunner.access$000(ParentRunner.java:53)
at org.junit.runners.ParentRunner$2.evaluate(ParentRunner.java:229)
at org.junit.runners.ParentRunner.run(ParentRunner.java:309)
at org.junit.runner.JUnitCore.run(JUnitCore.java:160)
at org.junit.runner.JUnitCore.run(JUnitCore.java:138)
at org.testng.junit.JUnit4TestRunner.start(JUnit4TestRunner.java:76)
at org.testng.junit.JUnit4TestRunner.run(JUnit4TestRunner.java:61)
at org.testng.TestRunner$1.run(TestRunner.java:691)
at java.base/java.util.ArrayList.forEach(ArrayList.java:1511)
at org.testng.TestRunner.runJUnitWorkers(TestRunner.java:908)
at org.testng.TestRunner.privateRunJUnit(TestRunner.java:720)
at org.testng.TestRunner.run(TestRunner.java:600)
at org.testng.SuiteRunner.runTest(SuiteRunner.java:437)
at org.testng.SuiteRunner.runSequentially(SuiteRunner.java:431)
at org.testng.SuiteRunner.privateRun(SuiteRunner.java:391)
at org.testng.SuiteRunner.run(SuiteRunner.java:330)
at org.testng.SuiteRunnerWorker.runSuite(SuiteRunnerWorker.java:52)
at org.testng.SuiteRunnerWorker.run(SuiteRunnerWorker.java:95)
at org.testng.TestNG.runSuitesSequentially(TestNG.java:1256)
at org.testng.TestNG.runSuitesLocally(TestNG.java:1176)
at org.testng.TestNG.runSuites(TestNG.java:1099)
at org.testng.TestNG.run(TestNG.java:1067)
at org.apache.maven.surefire.testng.TestNGExecutor.run(TestNGExecutor.java:135)
at org.apache.maven.surefire.testng.TestNGDirectoryTestSuite.executeMulti(TestNGDirectoryTestSuite.java:198)
at org.apache.maven.surefire.testng.TestNGDirectoryTestSuite.execute(TestNGDirectoryTestSuite.java:94)
at org.apache.maven.surefire.testng.TestNGProvider.invoke(TestNGProvider.java:146)
at org.apache.maven.surefire.booter.ForkedBooter.invokeProviderInSameClassLoader(ForkedBooter.java:384)
at org.apache.maven.surefire.booter.ForkedBooter.runSuitesInProcess(ForkedBooter.java:345)
at org.apache.maven.surefire.booter.ForkedBooter.execute(ForkedBooter.java:126)
at org.apache.maven.surefire.booter.ForkedBooter.main(ForkedBooter.java:418)
]]>
    </failure>
  </testcase> <!-- test_a_null_b_tres_proche_zero_negatif_c_normal_positif -->
  <system-out/>
  <testcase classname="com.example.TestCases" name="test_a_positif_tres_grand_b_proche_zero_negatif_c_tres_proche_zero_negatif" time="0.179"/>
  <system-out/>
  <testcase classname="com.example.TestCases" name="test_a_tres_proche_zero_positif_b_positif_tres_grand_c_proche_zero_positif" time="0.337"/>
  <system-out/>
  <testcase classname="com.example.TestCases" name="test_a_positif_tres_grand_b_positif_tres_grand_c_tres_proche_zero_positif" time="0.291"/>
  <system-out/>
  <testcase classname="com.example.TestCases" name="test_a_proche_zero_negatif_b_proche_zero_positif_c_proche_zero_negatif" time="0.259"/>
  <system-out/>
  <testcase classname="com.example.TestCases" name="test_a_null_b_normal_negatif_c_positif_tres_grand" time="0.317">
    <failure message="arrays first differed at element [0]; expected:&lt;1026975.7894841089&gt; but was:&lt;9.737327892630653E-7&gt;" type="org.junit.internal.ArrayComparisonFailure">
      <![CDATA[arrays first differed at element [0]; expected:<1026975.7894841089> but was:<9.737327892630653E-7>
at org.junit.internal.ComparisonCriteria.arrayEquals(ComparisonCriteria.java:50)
at org.junit.Assert.assertArrayEquals(Assert.java:419)
at org.junit.Assert.assertArrayEquals(Assert.java:430)
at com.example.TestCases.test_a_null_b_normal_negatif_c_positif_tres_grand(TestCases.java:232)
at java.base/jdk.internal.reflect.NativeMethodAccessorImpl.invoke0(Native Method)
at java.base/jdk.internal.reflect.NativeMethodAccessorImpl.invoke(NativeMethodAccessorImpl.java:77)
at java.base/jdk.internal.reflect.DelegatingMethodAccessorImpl.invoke(DelegatingMethodAccessorImpl.java:43)
at java.base/java.lang.reflect.Method.invoke(Method.java:568)
at org.junit.runners.model.FrameworkMethod$1.runReflectiveCall(FrameworkMethod.java:47)
at org.junit.internal.runners.model.ReflectiveCallable.run(ReflectiveCallable.java:12)
at org.junit.runners.model.FrameworkMethod.invokeExplosively(FrameworkMethod.java:44)
at org.junit.internal.runners.statements.InvokeMethod.evaluate(InvokeMethod.java:17)
at org.junit.runners.ParentRunner.runLeaf(ParentRunner.java:271)
at org.junit.runners.BlockJUnit4ClassRunner.runChild(BlockJUnit4ClassRunner.java:70)
at org.junit.runners.BlockJUnit4ClassRunner.runChild(BlockJUnit4ClassRunner.java:50)
at org.junit.runners.ParentRunner$3.run(ParentRunner.java:238)
at org.junit.runners.ParentRunner$1.schedule(ParentRunner.java:63)
at org.junit.runners.ParentRunner.runChildren(ParentRunner.java:236)
at org.junit.runners.ParentRunner.access$000(ParentRunner.java:53)
at org.junit.runners.ParentRunner$2.evaluate(ParentRunner.java:229)
at org.junit.runners.ParentRunner.run(ParentRunner.java:309)
at org.junit.runner.JUnitCore.run(JUnitCore.java:160)
at org.junit.runner.JUnitCore.run(JUnitCore.java:138)
at org.testng.junit.JUnit4TestRunner.start(JUnit4TestRunner.java:76)
at org.testng.junit.JUnit4TestRunner.run(JUnit4TestRunner.java:61)
at org.testng.TestRunner$1.run(TestRunner.java:691)
at java.base/java.util.ArrayList.forEach(ArrayList.java:1511)
at org.testng.TestRunner.runJUnitWorkers(TestRunner.java:908)
at org.testng.TestRunner.privateRunJUnit(TestRunner.java:720)
at org.testng.TestRunner.run(TestRunner.java:600)
at org.testng.SuiteRunner.runTest(SuiteRunner.java:437)
at org.testng.SuiteRunner.runSequentially(SuiteRunner.java:431)
at org.testng.SuiteRunner.privateRun(SuiteRunner.java:391)
at org.testng.SuiteRunner.run(SuiteRunner.java:330)
at org.testng.SuiteRunnerWorker.runSuite(SuiteRunnerWorker.java:52)
at org.testng.SuiteRunnerWorker.run(SuiteRunnerWorker.java:95)
at org.testng.TestNG.runSuitesSequentially(TestNG.java:1256)
at org.testng.TestNG.runSuitesLocally(TestNG.java:1176)
at org.testng.TestNG.runSuites(TestNG.java:1099)
at org.testng.TestNG.run(TestNG.java:1067)
at org.apache.maven.surefire.testng.TestNGExecutor.run(TestNGExecutor.java:135)
at org.apache.maven.surefire.testng.TestNGDirectoryTestSuite.executeMulti(TestNGDirectoryTestSuite.java:198)
at org.apache.maven.surefire.testng.TestNGDirectoryTestSuite.execute(TestNGDirectoryTestSuite.java:94)
at org.apache.maven.surefire.testng.TestNGProvider.invoke(TestNGProvider.java:146)
at org.apache.maven.surefire.booter.ForkedBooter.invokeProviderInSameClassLoader(ForkedBooter.java:384)
at org.apache.maven.surefire.booter.ForkedBooter.runSuitesInProcess(ForkedBooter.java:345)
at org.apache.maven.surefire.booter.ForkedBooter.execute(ForkedBooter.java:126)
at org.apache.maven.surefire.booter.ForkedBooter.main(ForkedBooter.java:418)
]]>
    </failure>
  </testcase> <!-- test_a_null_b_normal_negatif_c_positif_tres_grand -->
  <system-out/>
  <testcase classname="com.example.TestCases" name="test_a_normal_positif_b_normal_negatif_c_null" time="0.242"/>
  <system-out/>
  <testcase classname="com.example.TestCases" name="test_a_negatif_tres_grand_b_normal_positif_c_tres_proche_zero_positif" time="0.231"/>
  <system-out/>
  <testcase classname="com.example.TestCases" name="test_a_normal_positif_b_tres_proche_zero_positif_c_proche_zero_positif" time="0.277"/>
  <system-out/>
  <testcase classname="com.example.TestCases" name="test_a_normal_positif_b_tres_proche_zero_negatif_c_tres_proche_zero_negatif" time="0.217"/>
  <system-out/>
  <testcase classname="com.example.TestCases" name="test_a_positif_tres_grand_b_positif_tres_grand_c_normal_negatif" time="0.326"/>
  <system-out/>
  <testcase classname="com.example.TestCases" name="test_a_tres_proche_zero_positif_b_proche_zero_negatif_c_normal_negatif" time="0.279"/>
  <system-out/>
  <testcase classname="com.example.TestCases" name="test_a_positif_tres_grand_b_negatif_tres_grand_c_proche_zero_positif" time="0.284"/>
  <system-out/>
  <testcase classname="com.example.TestCases" name="test_a_normal_negatif_b_tres_proche_zero_positif_c_proche_zero_negatif" time="0.321"/>
  <system-out/>
  <testcase classname="com.example.TestCases" name="test_a_tres_proche_zero_negatif_b_proche_zero_negatif_c_proche_zero_positif" time="0.181"/>
  <system-out/>
  <testcase classname="com.example.TestCases" name="test_a_tres_proche_zero_positif_b_proche_zero_positif_c_negatif_tres_grand" time="0.233"/>
  <system-out/>
  <testcase classname="com.example.TestCases" name="test_a_normal_negatif_b_normal_positif_c_null" time="0.328"/>
  <system-out/>
  <testcase classname="com.example.TestCases" name="test_a_tres_proche_zero_positif_b_normal_negatif_c_tres_proche_zero_positif" time="0.259"/>
  <system-out/>
  <testcase classname="com.example.TestCases" name="test_a_negatif_tres_grand_b_negatif_tres_grand_c_normal_negatif" time="0.220"/>
  <system-out/>
  <testcase classname="com.example.TestCases" name="test_a_proche_zero_positif_b_null_c_tres_proche_zero_positif" time="0.344"/>
  <system-out/>
  <testcase classname="com.example.TestCases" name="test_a_tres_proche_zero_negatif_b_negatif_tres_grand_c_tres_proche_zero_negatif" time="0.290"/>
  <system-out/>
  <testcase classname="com.example.TestCases" name="test_a_normal_negatif_b_normal_negatif_c_tres_proche_zero_negatif" time="0.140"/>
  <system-out/>
  <testcase classname="com.example.TestCases" name="test_a_normal_positif_b_normal_positif_c_normal_negatif" time="0.275"/>
  <system-out/>
  <testcase classname="com.example.TestCases" name="test_a_negatif_tres_grand_b_proche_zero_positif_c_positif_tres_grand" time="0.332"/>
  <system-out/>
  <testcase classname="com.example.TestCases" name="test_a_tres_proche_zero_negatif_b_proche_zero_positif_c_tres_proche_zero_negatif" time="0.185"/>
  <system-out/>
  <testcase classname="com.example.TestCases" name="test_a_proche_zero_negatif_b_tres_proche_zero_negatif_c_tres_proche_zero_positif" time="0.280"/>
  <system-out/>
  <testcase classname="com.example.TestCases" name="test_a_proche_zero_negatif_b_negatif_tres_grand_c_null" time="0.142"/>
  <system-out/>
  <testcase classname="com.example.TestCases" name="test_a_tres_proche_zero_negatif_b_normal_positif_c_positif_tres_grand" time="0.310"/>
  <system-out/>
  <testcase classname="com.example.TestCases" name="test_a_negatif_tres_grand_b_negatif_tres_grand_c_normal_positif" time="0.307"/>
  <system-out/>
  <testcase classname="com.example.TestCases" name="test_a_normal_negatif_b_negatif_tres_grand_c_tres_proche_zero_positif" time="0.343"/>
  <system-out/>
  <testcase classname="com.example.TestCases" name="test_a_tres_proche_zero_positif_b_tres_proche_zero_negatif_c_positif_tres_grand" time="0.342"/>
  <system-out/>
  <testcase classname="com.example.TestCases" name="test_a_proche_zero_negatif_b_null_c_proche_zero_positif" time="0.236"/>
  <system-out/>
  <testcase classname="com.example.TestCases" name="test_a_proche_zero_positif_b_proche_zero_negatif_c_null" time="0.242"/>
  <system-out/>
  <testcase classname="com.example.TestCases" name="test_a_tres_proche_zero_positif_b_null_c_null" time="0.318"/>
  <system-out/>
  <testcase classname="com.example.TestCases" name="test_a_normal_negatif_b_null_c_normal_negatif" time="0.274"/>
  <system-out/>
  <testcase classname="com.example.TestCases" name="test_a_proche_zero_positif_b_proche_zero_positif_c_normal_negatif" time="0.052"/>
  <system-out/>
  <testcase classname="com.example.TestCases" name="test_a_negatif_tres_grand_b_normal_negatif_c_proche_zero_positif" time="0.313"/>
  <system-out/>
</testsuite> <!-- com.example.TestCases -->
