<?xml version="1.0" encoding="UTF-8"?>
<!-- Generated by org.testng.reporters.JUnitReportReporter -->
<testsuite hostname="begade-Latitude-E7450" failures="0" tests="2" name="com.example.TestSolver" time="33.072" errors="0" timestamp="2024-01-25T19:10:29 WAT" skipped="0">
  <testcase classname="com.example.TestSolver" name="buildTestSolver" time="20.789"/>
  <system-out/>
  <testcase classname="com.example.TestSolver" name="buildTestSolver1" time="12.283"/>
  <system-out/>
</testsuite> <!-- com.example.TestSolver -->
