<?xml version="1.0" encoding="UTF-8"?>
<!-- Generated by org.testng.reporters.JUnitReportReporter -->
<testsuite hostname="begade-Latitude-E7450" failures="0" tests="2" name="com.example.TestSolver" time="56.662" errors="0" timestamp="2024-01-25T13:15:02 WAT" skipped="0">
  <testcase classname="com.example.TestSolver" name="buildTestSolver" time="30.934"/>
  <testcase classname="com.example.TestSolver" name="buildTestSolver1" time="25.728"/>
</testsuite> <!-- com.example.TestSolver -->
