<?xml version="1.0" encoding="UTF-8"?>
<!-- Generated by org.testng.reporters.JUnitReportReporter -->
<testsuite hostname="begade-Latitude-E7450" failures="0" tests="2" name="com.example.TestSolver" time="38.087" errors="0" timestamp="2024-01-25T18:01:12 WAT" skipped="0">
  <testcase classname="com.example.TestSolver" name="buildTestSolver" time="21.101"/>
  <testcase classname="com.example.TestSolver" name="buildTestSolver1" time="16.986"/>
</testsuite> <!-- com.example.TestSolver -->
