<?xml version="1.0" encoding="UTF-8"?>
<!-- Generated by org.testng.reporters.JUnitReportReporter -->
<testsuite hostname="begade-Latitude-E7450" failures="0" tests="2" name="com.example.TestSolver" time="23.014" errors="0" timestamp="2024-01-25T19:53:55 WAT" skipped="0">
  <testcase classname="com.example.TestSolver" name="buildTestSolver1" time="9.013"/>
  <system-out/>
  <testcase classname="com.example.TestSolver" name="buildTestSolver" time="14.001"/>
  <system-out/>
</testsuite> <!-- com.example.TestSolver -->
